#
# There is insufficient memory for the Java Runtime Environment to continue.
# Native memory allocation (malloc) failed to allocate 1441904 bytes for Chunk::new
# Possible reasons:
#   The system is out of physical RAM or swap space
#   In 32 bit mode, the process size limit was hit
# Possible solutions:
#   Reduce memory load on the system
#   Increase physical memory or swap space
#   Check if swap backing store is full
#   Use 64 bit Java on a 64 bit OS
#   Decrease Java heap size (-Xmx/-Xms)
#   Decrease number of Java threads
#   Decrease Java thread stack sizes (-Xss)
#   Set larger code cache with -XX:ReservedCodeCacheSize=
# This output file may be truncated or incomplete.
#
#  Out of Memory Error (allocation.cpp:390), pid=5568, tid=0x0000000000003c64
#
# JRE version: OpenJDK Runtime Environment (8.0_152-b01) (build 1.8.0_152-release-915-b01)
# Java VM: OpenJDK 64-Bit Server VM (25.152-b01 mixed mode windows-amd64 compressed oops)
# Failed to write core dump. Minidumps are not enabled by default on client versions of Windows
#

---------------  T H R E A D  ---------------

Current thread (0x0000000017d79000):  JavaThread "C2 CompilerThread0" daemon [_thread_in_native, id=15460, stack(0x00000000193d0000,0x00000000194d0000)]

Stack: [0x00000000193d0000,0x00000000194d0000]
[error occurred during error reporting (printing stack bounds), id 0xc0000005]

Native frames: (J=compiled Java code, j=interpreted, Vv=VM code, C=native code)


Current CompileTask:
C2:   6321 3526   !   4       java.net.URLClassLoader$1::run (63 bytes)


---------------  P R O C E S S  ---------------

Java Threads: ( => current thread )
  0x000000001c506000 JavaThread "Memory manager" [_thread_blocked, id=9400, stack(0x00000000233a0000,0x00000000234a0000)]
  0x000000001c50a800 JavaThread "build operations Thread 4" [_thread_blocked, id=16072, stack(0x0000000022b40000,0x0000000022c40000)]
  0x000000001aac2800 JavaThread "build operations Thread 3" [_thread_blocked, id=7920, stack(0x0000000022a40000,0x0000000022b40000)]
  0x000000001aac7000 JavaThread "build operations Thread 2" [_thread_blocked, id=15756, stack(0x0000000021490000,0x0000000021590000)]
  0x000000001aac6800 JavaThread "build operations" [_thread_blocked, id=16156, stack(0x0000000021390000,0x0000000021490000)]
  0x000000001aac3800 JavaThread "Cache worker for Artifact transforms cache (C:\Users\Imam_Arslan\.gradle\caches\transforms-1)" [_thread_blocked, id=11272, stack(0x000000001e9f0000,0x000000001eaf0000)]
  0x000000001b46d800 JavaThread "Cache worker for file hash cache (C:\Users\Imam_Arslan\AndroidStudioProjects\UdemyCourse\Calculator\.gradle\4.1\fileHashes)" [_thread_blocked, id=6316, stack(0x000000001d920000,0x000000001da20000)]
  0x000000001b467000 JavaThread "File lock request listener" [_thread_in_native, id=17356, stack(0x000000001d620000,0x000000001d720000)]
  0x000000001b462800 JavaThread "Cache worker for file hash cache (C:\Users\Imam_Arslan\.gradle\caches\4.1\fileHashes)" [_thread_blocked, id=15560, stack(0x000000001d520000,0x000000001d620000)]
  0x000000001abac800 JavaThread "Stdin handler" [_thread_blocked, id=6564, stack(0x000000001d420000,0x000000001d520000)]
  0x000000001ab87000 JavaThread "Asynchronous log dispatcher for DefaultDaemonConnection: socket connection from /127.0.0.1:60078 to /127.0.0.1:60079" [_thread_blocked, id=2376, stack(0x000000001d320000,0x000000001d420000)]
  0x000000001ab86000 JavaThread "Daemon worker" [_thread_in_native, id=6404, stack(0x000000001d220000,0x000000001d320000)]
  0x000000001ab77800 JavaThread "Cancel handler" [_thread_blocked, id=2816, stack(0x000000001d120000,0x000000001d220000)]
  0x000000001aa02000 JavaThread "Handler for socket connection from /127.0.0.1:60078 to /127.0.0.1:60079" [_thread_in_native, id=6612, stack(0x000000001ce20000,0x000000001cf20000)]
  0x000000001a9f6000 JavaThread "Daemon" [_thread_blocked, id=6204, stack(0x000000001cd20000,0x000000001ce20000)]
  0x000000001b0f2800 JavaThread "Daemon periodic checks" [_thread_blocked, id=1796, stack(0x000000001cc20000,0x000000001cd20000)]
  0x000000001a83b800 JavaThread "Incoming local TCP Connector on port 60078" [_thread_in_native, id=14800, stack(0x000000001b4a0000,0x000000001b5a0000)]
  0x0000000017d8f800 JavaThread "Service Thread" daemon [_thread_blocked, id=16828, stack(0x0000000019ad0000,0x0000000019bd0000)]
  0x0000000017d7e800 JavaThread "C1 CompilerThread2" daemon [_thread_blocked, id=4276, stack(0x00000000195d0000,0x00000000196d0000)]
  0x0000000017d7b000 JavaThread "C2 CompilerThread1" daemon [_thread_in_native, id=8764, stack(0x00000000194d0000,0x00000000195d0000)]
=>0x0000000017d79000 JavaThread "C2 CompilerThread0" daemon [_thread_in_native, id=15460, stack(0x00000000193d0000,0x00000000194d0000)]
  0x0000000017d78000 JavaThread "Attach Listener" daemon [_thread_blocked, id=17268, stack(0x00000000192d0000,0x00000000193d0000)]
  0x0000000017d85800 JavaThread "Signal Dispatcher" daemon [_thread_blocked, id=7776, stack(0x00000000191d0000,0x00000000192d0000)]
  0x0000000017d68800 JavaThread "Finalizer" daemon [_thread_blocked, id=5284, stack(0x0000000018fe0000,0x00000000190e0000)]
  0x0000000004401800 JavaThread "Reference Handler" daemon [_thread_blocked, id=1160, stack(0x0000000018ee0000,0x0000000018fe0000)]
  0x000000000418e000 JavaThread "main" [_thread_blocked, id=1396, stack(0x0000000004210000,0x0000000004310000)]

Other Threads:
  0x0000000017d47000 VMThread [stack: 0x0000000018de0000,0x0000000018ee0000] [id=16352]
  0x0000000017d91800 WatcherThread [stack: 0x0000000019bd0000,0x0000000019cd0000] [id=8464]

VM state:not at safepoint (normal execution)

VM Mutex/Monitor currently owned by a thread:  ([mutex/lock_event])
[0x0000000004310950] MethodCompileQueue_lock - owner thread: 0x0000000000000000

Heap:
 PSYoungGen      total 105984K, used 21989K [0x00000000e0000000, 0x00000000e9c80000, 0x0000000100000000)
  eden space 95744K, 22% used [0x00000000e0000000,0x00000000e15797c0,0x00000000e5d80000)
  from space 10240K, 0% used [0x00000000e5d80000,0x00000000e5d80000,0x00000000e6780000)
  to   space 11264K, 0% used [0x00000000e9180000,0x00000000e9180000,0x00000000e9c80000)
 ParOldGen       total 66048K, used 16002K [0x00000000a0000000, 0x00000000a4080000, 0x00000000e0000000)
  object space 66048K, 24% used [0x00000000a0000000,0x00000000a0fa0948,0x00000000a4080000)
 Metaspace       used 37160K, capacity 37780K, committed 38104K, reserved 1081344K
  class space    used 5004K, capacity 5274K, committed 5376K, reserved 1048576K

Card table byte_map: [0x00000000137d0000,0x0000000013ae0000] byte_map_base: 0x00000000132d0000

Marking Bits: (ParMarkBitMap*) 0x000000005e083950
 Begin Bits: [0x00000000140e0000, 0x00000000158e0000)
 End Bits:   [0x00000000158e0000, 0x00000000170e0000)

Polling page: 0x0000000004120000

CodeCache: size=245760Kb used=11846Kb max_used=12739Kb free=233913Kb
 bounds [0x0000000004410000, 0x00000000050a0000, 0x0000000013410000]
 total_blobs=4049 nmethods=3339 adapters=621
 compilation: enabled

Compilation events (10 events):
Event: 6.296 Thread 0x0000000017d7e800 nmethod 3763 0x0000000004643890 code [0x0000000004643ac0, 0x00000000046441f8]
Event: 6.296 Thread 0x0000000017d7e800 3762       2       com.google.common.collect.ImmutableCollection$ArrayBasedBuilder::add (34 bytes)
Event: 6.297 Thread 0x0000000017d7e800 nmethod 3762 0x00000000048a2010 code [0x00000000048a21c0, 0x00000000048a2728]
Event: 6.297 Thread 0x0000000017d7e800 3764       2       com.google.common.collect.FluentIterable::<init> (10 bytes)
Event: 6.297 Thread 0x0000000017d7e800 nmethod 3764 0x0000000004640bd0 code [0x0000000004640d20, 0x0000000004640e90]
Event: 6.297 Thread 0x0000000017d7e800 3765       2       java.lang.Class::copyConstructors (38 bytes)
Event: 6.298 Thread 0x0000000017d7e800 nmethod 3765 0x00000000048068d0 code [0x0000000004806a80, 0x0000000004806e88]
Event: 6.298 Thread 0x0000000017d7e800 3766       2       com.google.common.cache.LocalCache$Segment::setValue (82 bytes)
Event: 6.298 Thread 0x0000000017d7e800 nmethod 3766 0x00000000046e08d0 code [0x00000000046e0a80, 0x00000000046e0d48]
Event: 6.298 Thread 0x0000000017d7e800 3767       2       com.google.common.cache.LocalCache$Segment::recordWrite (71 bytes)

GC Heap History (10 events):
Event: 2.713 GC heap before
{Heap before GC invocations=5 (full 1):
 PSYoungGen      total 71680K, used 5088K [0x00000000e0000000, 0x00000000e4b00000, 0x0000000100000000)
  eden space 66560K, 0% used [0x00000000e0000000,0x00000000e0000000,0x00000000e4100000)
  from space 5120K, 99% used [0x00000000e4600000,0x00000000e4af8010,0x00000000e4b00000)
  to   space 5120K, 0% used [0x00000000e4100000,0x00000000e4100000,0x00000000e4600000)
 ParOldGen       total 87552K, used 7877K [0x00000000a0000000, 0x00000000a5580000, 0x00000000e0000000)
  object space 87552K, 8% used [0x00000000a0000000,0x00000000a07b1470,0x00000000a5580000)
 Metaspace       used 20750K, capacity 21092K, committed 21248K, reserved 1067008K
  class space    used 2861K, capacity 3017K, committed 3072K, reserved 1048576K
Event: 2.754 GC heap after
Heap after GC invocations=5 (full 1):
 PSYoungGen      total 71680K, used 0K [0x00000000e0000000, 0x00000000e4b00000, 0x0000000100000000)
  eden space 66560K, 0% used [0x00000000e0000000,0x00000000e0000000,0x00000000e4100000)
  from space 5120K, 0% used [0x00000000e4600000,0x00000000e4600000,0x00000000e4b00000)
  to   space 5120K, 0% used [0x00000000e4100000,0x00000000e4100000,0x00000000e4600000)
 ParOldGen       total 66048K, used 9064K [0x00000000a0000000, 0x00000000a4080000, 0x00000000e0000000)
  object space 66048K, 13% used [0x00000000a0000000,0x00000000a08da3c0,0x00000000a4080000)
 Metaspace       used 20750K, capacity 21092K, committed 21248K, reserved 1067008K
  class space    used 2861K, capacity 3017K, committed 3072K, reserved 1048576K
}
Event: 3.730 GC heap before
{Heap before GC invocations=6 (full 1):
 PSYoungGen      total 71680K, used 66560K [0x00000000e0000000, 0x00000000e4b00000, 0x0000000100000000)
  eden space 66560K, 100% used [0x00000000e0000000,0x00000000e4100000,0x00000000e4100000)
  from space 5120K, 0% used [0x00000000e4600000,0x00000000e4600000,0x00000000e4b00000)
  to   space 5120K, 0% used [0x00000000e4100000,0x00000000e4100000,0x00000000e4600000)
 ParOldGen       total 66048K, used 9064K [0x00000000a0000000, 0x00000000a4080000, 0x00000000e0000000)
  object space 66048K, 13% used [0x00000000a0000000,0x00000000a08da3c0,0x00000000a4080000)
 Metaspace       used 25936K, capacity 26432K, committed 26624K, reserved 1073152K
  class space    used 3544K, capacity 3721K, committed 3840K, reserved 1048576K
Event: 3.743 GC heap after
Heap after GC invocations=6 (full 1):
 PSYoungGen      total 71680K, used 5115K [0x00000000e0000000, 0x00000000e7300000, 0x0000000100000000)
  eden space 66560K, 0% used [0x00000000e0000000,0x00000000e0000000,0x00000000e4100000)
  from space 5120K, 99% used [0x00000000e4100000,0x00000000e45fee08,0x00000000e4600000)
  to   space 10240K, 0% used [0x00000000e6900000,0x00000000e6900000,0x00000000e7300000)
 ParOldGen       total 66048K, used 11076K [0x00000000a0000000, 0x00000000a4080000, 0x00000000e0000000)
  object space 66048K, 16% used [0x00000000a0000000,0x00000000a0ad11f0,0x00000000a4080000)
 Metaspace       used 25936K, capacity 26432K, committed 26624K, reserved 1073152K
  class space    used 3544K, capacity 3721K, committed 3840K, reserved 1048576K
}
Event: 4.794 GC heap before
{Heap before GC invocations=7 (full 1):
 PSYoungGen      total 71680K, used 71675K [0x00000000e0000000, 0x00000000e7300000, 0x0000000100000000)
  eden space 66560K, 100% used [0x00000000e0000000,0x00000000e4100000,0x00000000e4100000)
  from space 5120K, 99% used [0x00000000e4100000,0x00000000e45fee08,0x00000000e4600000)
  to   space 10240K, 0% used [0x00000000e6900000,0x00000000e6900000,0x00000000e7300000)
 ParOldGen       total 66048K, used 11076K [0x00000000a0000000, 0x00000000a4080000, 0x00000000e0000000)
  object space 66048K, 16% used [0x00000000a0000000,0x00000000a0ad11f0,0x00000000a4080000)
 Metaspace       used 29934K, capacity 30406K, committed 30720K, reserved 1075200K
  class space    used 4062K, capacity 4234K, committed 4352K, reserved 1048576K
Event: 4.803 GC heap after
Heap after GC invocations=7 (full 1):
 PSYoungGen      total 104448K, used 7569K [0x00000000e0000000, 0x00000000e7180000, 0x0000000100000000)
  eden space 95744K, 0% used [0x00000000e0000000,0x00000000e0000000,0x00000000e5d80000)
  from space 8704K, 86% used [0x00000000e6900000,0x00000000e70644a8,0x00000000e7180000)
  to   space 10240K, 0% used [0x00000000e5d80000,0x00000000e5d80000,0x00000000e6780000)
 ParOldGen       total 66048K, used 11084K [0x00000000a0000000, 0x00000000a4080000, 0x00000000e0000000)
  object space 66048K, 16% used [0x00000000a0000000,0x00000000a0ad31f0,0x00000000a4080000)
 Metaspace       used 29934K, capacity 30406K, committed 30720K, reserved 1075200K
  class space    used 4062K, capacity 4234K, committed 4352K, reserved 1048576K
}
Event: 5.886 GC heap before
{Heap before GC invocations=8 (full 1):
 PSYoungGen      total 104448K, used 61315K [0x00000000e0000000, 0x00000000e7180000, 0x0000000100000000)
  eden space 95744K, 56% used [0x00000000e0000000,0x00000000e347c9a0,0x00000000e5d80000)
  from space 8704K, 86% used [0x00000000e6900000,0x00000000e70644a8,0x00000000e7180000)
  to   space 10240K, 0% used [0x00000000e5d80000,0x00000000e5d80000,0x00000000e6780000)
 ParOldGen       total 66048K, used 11084K [0x00000000a0000000, 0x00000000a4080000, 0x00000000e0000000)
  object space 66048K, 16% used [0x00000000a0000000,0x00000000a0ad31f0,0x00000000a4080000)
 Metaspace       used 34667K, capacity 35220K, committed 35416K, reserved 1079296K
  class space    used 4692K, capacity 4910K, committed 4992K, reserved 1048576K
Event: 5.899 GC heap after
Heap after GC invocations=8 (full 1):
 PSYoungGen      total 105984K, used 9617K [0x00000000e0000000, 0x00000000e9c80000, 0x0000000100000000)
  eden space 95744K, 0% used [0x00000000e0000000,0x00000000e0000000,0x00000000e5d80000)
  from space 10240K, 93% used [0x00000000e5d80000,0x00000000e66e47f0,0x00000000e6780000)
  to   space 11264K, 0% used [0x00000000e9180000,0x00000000e9180000,0x00000000e9c80000)
 ParOldGen       total 66048K, used 11156K [0x00000000a0000000, 0x00000000a4080000, 0x00000000e0000000)
  object space 66048K, 16% used [0x00000000a0000000,0x00000000a0ae5200,0x00000000a4080000)
 Metaspace       used 34667K, capacity 35220K, committed 35416K, reserved 1079296K
  class space    used 4692K, capacity 4910K, committed 4992K, reserved 1048576K
}
Event: 5.899 GC heap before
{Heap before GC invocations=9 (full 2):
 PSYoungGen      total 105984K, used 9617K [0x00000000e0000000, 0x00000000e9c80000, 0x0000000100000000)
  eden space 95744K, 0% used [0x00000000e0000000,0x00000000e0000000,0x00000000e5d80000)
  from space 10240K, 93% used [0x00000000e5d80000,0x00000000e66e47f0,0x00000000e6780000)
  to   space 11264K, 0% used [0x00000000e9180000,0x00000000e9180000,0x00000000e9c80000)
 ParOldGen       total 66048K, used 11156K [0x00000000a0000000, 0x00000000a4080000, 0x00000000e0000000)
  object space 66048K, 16% used [0x00000000a0000000,0x00000000a0ae5200,0x00000000a4080000)
 Metaspace       used 34667K, capacity 35220K, committed 35416K, reserved 1079296K
  class space    used 4692K, capacity 4910K, committed 4992K, reserved 1048576K
Event: 5.998 GC heap after
Heap after GC invocations=9 (full 2):
 PSYoungGen      total 105984K, used 0K [0x00000000e0000000, 0x00000000e9c80000, 0x0000000100000000)
  eden space 95744K, 0% used [0x00000000e0000000,0x00000000e0000000,0x00000000e5d80000)
  from space 10240K, 0% used [0x00000000e5d80000,0x00000000e5d80000,0x00000000e6780000)
  to   space 11264K, 0% used [0x00000000e9180000,0x00000000e9180000,0x00000000e9c80000)
 ParOldGen       total 66048K, used 16002K [0x00000000a0000000, 0x00000000a4080000, 0x00000000e0000000)
  object space 66048K, 24% used [0x00000000a0000000,0x00000000a0fa0948,0x00000000a4080000)
 Metaspace       used 34667K, capacity 35220K, committed 35416K, reserved 1079296K
  class space    used 4692K, capacity 4910K, committed 4992K, reserved 1048576K
}

Deoptimization events (10 events):
Event: 5.660 Thread 0x000000001ab86000 Uncommon trap: reason=class_check action=maybe_recompile pc=0x0000000004d4bffc method=java.util.Hashtable.get(Ljava/lang/Object;)Ljava/lang/Object; @ 6
Event: 5.660 Thread 0x000000001ab86000 Uncommon trap: reason=class_check action=maybe_recompile pc=0x0000000004d4bffc method=java.util.Hashtable.get(Ljava/lang/Object;)Ljava/lang/Object; @ 6
Event: 5.660 Thread 0x000000001ab86000 Uncommon trap: reason=class_check action=maybe_recompile pc=0x0000000004d4bffc method=java.util.Hashtable.get(Ljava/lang/Object;)Ljava/lang/Object; @ 6
Event: 5.660 Thread 0x000000001ab86000 Uncommon trap: reason=class_check action=maybe_recompile pc=0x0000000004d4bffc method=java.util.Hashtable.get(Ljava/lang/Object;)Ljava/lang/Object; @ 6
Event: 5.687 Thread 0x000000001ab86000 Uncommon trap: reason=unstable_if action=reinterpret pc=0x00000000045b2eb8 method=java.lang.String.replace(CC)Ljava/lang/String; @ 2
Event: 5.692 Thread 0x000000001ab86000 Uncommon trap: reason=bimorphic action=maybe_recompile pc=0x0000000004ca4c7c method=org.codehaus.groovy.runtime.metaclass.MetaMethodIndex.addMethodToList(Ljava/lang/Object;Lgroovy/lang/MetaMethod;)Ljava/lang/Object; @ 96
Event: 5.692 Thread 0x000000001ab86000 Uncommon trap: reason=unstable_if action=reinterpret pc=0x0000000004e43b10 method=groovy.lang.MetaClassImpl$1MOPIter.methodNameAction(Ljava/lang/Class;Lorg/codehaus/groovy/runtime/metaclass/MetaMethodIndex$Entry;)V @ 259
Event: 5.781 Thread 0x000000001ab86000 Uncommon trap: reason=unstable_if action=reinterpret pc=0x0000000004f74d10 method=java.lang.Integer.valueOf(I)Ljava/lang/Integer; @ 3
Event: 5.823 Thread 0x000000001ab86000 Uncommon trap: reason=unstable_if action=reinterpret pc=0x000000000493546c method=sun.misc.MetaIndex.mayContain(Ljava/lang/String;)Z @ 38
Event: 6.229 Thread 0x000000001ab86000 Uncommon trap: reason=unstable_if action=reinterpret pc=0x0000000004b3b288 method=java.util.concurrent.ConcurrentHashMap.get(Ljava/lang/Object;)Ljava/lang/Object; @ 152

Classes redefined (0 events):
No events

Internal exceptions (10 events):
Event: 5.694 Thread 0x000000001ab86000 Exception <a 'java/lang/ClassNotFoundException': org/gradle/api/internal/project/DefaultAntBuilderBeanInfo> (0x00000000e2ca00d8) thrown at [D:\src\AOSP-openjdk-cygwin\jdk8u\hotspot\src\share\vm\classfile\systemDictionary.cpp, line 210]
Event: 5.695 Thread 0x000000001ab86000 Exception <a 'java/lang/ClassNotFoundException': org/gradle/api/internal/project/ant/BasicAntBuilderBeanInfo> (0x00000000e2cce720) thrown at [D:\src\AOSP-openjdk-cygwin\jdk8u\hotspot\src\share\vm\classfile\systemDictionary.cpp, line 210]
Event: 5.696 Thread 0x000000001ab86000 Exception <a 'java/lang/ClassNotFoundException': org/gradle/api/AntBuilderBeanInfo> (0x00000000e2cef808) thrown at [D:\src\AOSP-openjdk-cygwin\jdk8u\hotspot\src\share\vm\classfile\systemDictionary.cpp, line 210]
Event: 5.697 Thread 0x000000001ab86000 Exception <a 'java/lang/ClassNotFoundException': groovy/util/AntBuilderBeanInfo> (0x00000000e2d0fb70) thrown at [D:\src\AOSP-openjdk-cygwin\jdk8u\hotspot\src\share\vm\classfile\systemDictionary.cpp, line 210]
Event: 5.698 Thread 0x000000001ab86000 Exception <a 'java/lang/ClassNotFoundException': groovy/util/BuilderSupportBeanInfo> (0x00000000e2d315b8) thrown at [D:\src\AOSP-openjdk-cygwin\jdk8u\hotspot\src\share\vm\classfile\systemDictionary.cpp, line 210]
Event: 5.699 Thread 0x000000001ab86000 Exception <a 'java/lang/ClassNotFoundException': groovy/util/BuilderSupportCustomizer> (0x00000000e2d55078) thrown at [D:\src\AOSP-openjdk-cygwin\jdk8u\hotspot\src\share\vm\classfile\systemDictionary.cpp, line 210]
Event: 5.700 Thread 0x000000001ab86000 Exception <a 'java/lang/ClassNotFoundException': groovy/util/AntBuilderCustomizer> (0x00000000e2d79190) thrown at [D:\src\AOSP-openjdk-cygwin\jdk8u\hotspot\src\share\vm\classfile\systemDictionary.cpp, line 210]
Event: 5.701 Thread 0x000000001ab86000 Exception <a 'java/lang/ClassNotFoundException': org/gradle/api/AntBuilderCustomizer> (0x00000000e2da20e0) thrown at [D:\src\AOSP-openjdk-cygwin\jdk8u\hotspot\src\share\vm\classfile\systemDictionary.cpp, line 210]
Event: 5.703 Thread 0x000000001ab86000 Exception <a 'java/lang/ClassNotFoundException': org/gradle/api/internal/project/ant/BasicAntBuilderCustomizer> (0x00000000e2dde820) thrown at [D:\src\AOSP-openjdk-cygwin\jdk8u\hotspot\src\share\vm\classfile\systemDictionary.cpp, line 210]
Event: 5.705 Thread 0x000000001ab86000 Exception <a 'java/lang/ClassNotFoundException': org/gradle/api/internal/project/DefaultAntBuilderCustomizer> (0x00000000e2e217e0) thrown at [D:\src\AOSP-openjdk-cygwin\jdk8u\hotspot\src\share\vm\classfile\systemDictionary.cpp, line 210]

Events (10 events):
Event: 6.293 loading class org/gradle/platform/base/ComponentSpecContainer
Event: 6.293 loading class org/gradle/platform/base/ComponentSpecContainer done
Event: 6.294 loading class org/gradle/platform/base/TypeBuilder
Event: 6.294 loading class org/gradle/platform/base/TypeBuilder done
Event: 6.297 loading class org/gradle/model/internal/manage/schema/SpecializedMapSchema
Event: 6.297 loading class org/gradle/model/internal/manage/schema/SpecializedMapSchema done
Event: 6.298 loading class org/gradle/model/internal/manage/schema/ModelMapSchema
Event: 6.298 loading class org/gradle/model/internal/manage/schema/ModelMapSchema done
Event: 6.298 loading class org/gradle/model/internal/manage/schema/extract/SpecializedMapStrategy$2
Event: 6.298 loading class org/gradle/model/internal/manage/schema/extract/SpecializedMapStrategy$2 done


Dynamic libraries:
0x00007ff61a4a0000 - 0x00007ff61a4d1000 	C:\Program Files\Android\Android Studio\jre\bin\java.exe
0x00007ffaf12b0000 - 0x00007ffaf1490000 	C:\WINDOWS\SYSTEM32\ntdll.dll
0x00007ffaf0e80000 - 0x00007ffaf0f2e000 	C:\WINDOWS\System32\KERNEL32.DLL
0x00007ffaedd10000 - 0x00007ffaedf76000 	C:\WINDOWS\System32\KERNELBASE.dll
0x00007ffaee8c0000 - 0x00007ffaee961000 	C:\WINDOWS\System32\ADVAPI32.dll
0x00007ffaeeac0000 - 0x00007ffaeeb5d000 	C:\WINDOWS\System32\msvcrt.dll
0x00007ffaf0f30000 - 0x00007ffaf0f8b000 	C:\WINDOWS\System32\sechost.dll
0x00007ffaeebc0000 - 0x00007ffaeecdf000 	C:\WINDOWS\System32\RPCRT4.dll
0x00007ffaf0fa0000 - 0x00007ffaf112f000 	C:\WINDOWS\System32\USER32.dll
0x00007ffaed750000 - 0x00007ffaed770000 	C:\WINDOWS\System32\win32u.dll
0x00007ffaeea80000 - 0x00007ffaeeaa8000 	C:\WINDOWS\System32\GDI32.dll
0x00007ffaeda10000 - 0x00007ffaedba3000 	C:\WINDOWS\System32\gdi32full.dll
0x00007ffaed6b0000 - 0x00007ffaed74b000 	C:\WINDOWS\System32\msvcp_win.dll
0x00007ffaedbb0000 - 0x00007ffaedca6000 	C:\WINDOWS\System32\ucrtbase.dll
0x00007ffad6fc0000 - 0x00007ffad7229000 	C:\WINDOWS\WinSxS\amd64_microsoft.windows.common-controls_6595b64144ccf1df_6.0.16299.125_none_15cbcf8893620c09\COMCTL32.dll
0x00007ffaf0850000 - 0x00007ffaf0b58000 	C:\WINDOWS\System32\combase.dll
0x00007ffaed770000 - 0x00007ffaed7e2000 	C:\WINDOWS\System32\bcryptPrimitives.dll
0x00007ffaee780000 - 0x00007ffaee7ad000 	C:\WINDOWS\System32\IMM32.DLL
0x000000005e300000 - 0x000000005e3d2000 	C:\Program Files\Android\Android Studio\jre\jre\bin\msvcr100.dll
0x000000005d8c0000 - 0x000000005e0fe000 	C:\Program Files\Android\Android Studio\jre\jre\bin\server\jvm.dll
0x00007ffaeeab0000 - 0x00007ffaeeab8000 	C:\WINDOWS\System32\PSAPI.DLL
0x00007ffae2b60000 - 0x00007ffae2b6a000 	C:\WINDOWS\SYSTEM32\VERSION.dll
0x00007ffaeb410000 - 0x00007ffaeb433000 	C:\WINDOWS\SYSTEM32\WINMM.dll
0x00007ffaec2e0000 - 0x00007ffaec2e9000 	C:\WINDOWS\SYSTEM32\WSOCK32.dll
0x00007ffaeea10000 - 0x00007ffaeea7c000 	C:\WINDOWS\System32\WS2_32.dll
0x00007ffaeb3b0000 - 0x00007ffaeb3da000 	C:\WINDOWS\SYSTEM32\WINMMBASE.dll
0x00007ffaed9c0000 - 0x00007ffaeda0a000 	C:\WINDOWS\System32\cfgmgr32.dll
0x00007ffae92d0000 - 0x00007ffae92df000 	C:\Program Files\Android\Android Studio\jre\jre\bin\verify.dll
0x00007ffad63e0000 - 0x00007ffad6409000 	C:\Program Files\Android\Android Studio\jre\jre\bin\java.dll
0x00007ffad1c50000 - 0x00007ffad1c66000 	C:\Program Files\Android\Android Studio\jre\jre\bin\zip.dll
0x00007ffaeeee0000 - 0x00007ffaf0316000 	C:\WINDOWS\System32\SHELL32.dll
0x00007ffaee810000 - 0x00007ffaee8b6000 	C:\WINDOWS\System32\shcore.dll
0x00007ffaee030000 - 0x00007ffaee777000 	C:\WINDOWS\System32\windows.storage.dll
0x00007ffaeeb60000 - 0x00007ffaeebb1000 	C:\WINDOWS\System32\shlwapi.dll
0x00007ffaed640000 - 0x00007ffaed651000 	C:\WINDOWS\System32\kernel.appcore.dll
0x00007ffaed660000 - 0x00007ffaed6ac000 	C:\WINDOWS\System32\powrprof.dll
0x00007ffaed620000 - 0x00007ffaed63b000 	C:\WINDOWS\System32\profapi.dll
0x00007ffac9750000 - 0x00007ffac976a000 	C:\Program Files\Android\Android Studio\jre\jre\bin\net.dll
0x00007ffaece90000 - 0x00007ffaecef6000 	C:\WINDOWS\system32\mswsock.dll
0x00007ffac8ef0000 - 0x00007ffac8f01000 	C:\Program Files\Android\Android Studio\jre\jre\bin\nio.dll
0x00007ffac2920000 - 0x00007ffac293e000 	C:\Users\Imam_Arslan\.gradle\native\25\windows-amd64\native-platform.dll
0x00007ffae92c0000 - 0x00007ffae92cd000 	C:\Program Files\Android\Android Studio\jre\jre\bin\management.dll
0x00007ffaed050000 - 0x00007ffaed067000 	C:\WINDOWS\SYSTEM32\CRYPTSP.dll
0x00007ffaeca40000 - 0x00007ffaeca73000 	C:\WINDOWS\system32\rsaenh.dll
0x00007ffaed160000 - 0x00007ffaed185000 	C:\WINDOWS\SYSTEM32\bcrypt.dll
0x00007ffaed530000 - 0x00007ffaed559000 	C:\WINDOWS\SYSTEM32\USERENV.dll
0x00007ffaed070000 - 0x00007ffaed07b000 	C:\WINDOWS\SYSTEM32\CRYPTBASE.dll
0x00007ffaecc20000 - 0x00007ffaecc59000 	C:\WINDOWS\SYSTEM32\IPHLPAPI.DLL
0x00007ffaf0f90000 - 0x00007ffaf0f98000 	C:\WINDOWS\System32\NSI.dll
0x00007ffae54b0000 - 0x00007ffae54c6000 	C:\WINDOWS\SYSTEM32\dhcpcsvc6.DLL
0x00007ffae5490000 - 0x00007ffae54aa000 	C:\WINDOWS\SYSTEM32\dhcpcsvc.DLL

VM Arguments:
jvm_args: -Xmx1536m -Dfile.encoding=windows-1252 -Duser.country=US -Duser.language=en -Duser.variant 
java_command: org.gradle.launcher.daemon.bootstrap.GradleDaemon 4.1
java_class_path (initial): C:\Users\Imam_Arslan\.gradle\wrapper\dists\gradle-4.1-all\bzyivzo6n839fup2jbap0tjew\gradle-4.1\lib\gradle-launcher-4.1.jar
Launcher Type: SUN_STANDARD

Environment Variables:
JAVA_HOME=C:\Program Files\Java\jdk1.8.0_91
PATH=C:\ProgramData\Oracle\Java\javapath;C:\WINDOWS\system32;C:\WINDOWS;C:\WINDOWS\System32\Wbem;C:\WINDOWS\System32\WindowsPowerShell\v1.0\;C:\Program Files (x86)\Skype\Phone\;C:\Program Files\Intel\WiFi\bin\;C:\Program Files\Common Files\Intel\WirelessCommon\;C:\Program Files\Java\jdk1.8.0_91\bin;C:\Users\Imam_Arslan\AppData\Local\Microsoft\WindowsApps;C:\Users\Imam_Arslan\AppData\Local\atom\bin;C:\Users\Imam_Arslan\Downloads\sqlite-tools-win32-x86-3210000\sqlite-tools-win32-x86-3210000;
USERNAME=Imam_Arslan
OS=Windows_NT
PROCESSOR_IDENTIFIER=Intel64 Family 6 Model 61 Stepping 4, GenuineIntel



---------------  S Y S T E M  ---------------

OS: Windows 10.0 , 64 bit Build 16299 (10.0.16299.15)

CPU:total 4 (initial active 4) (2 cores per cpu, 2 threads per core) family 6 model 61 stepping 4, cmov, cx8, fxsr, mmx, sse, sse2, sse3, ssse3, sse4.1, sse4.2, popcnt, avx, avx2, aes, clmul, erms, 3dnowpref, lzcnt, ht, tsc, tscinvbit, bmi1, bmi2, adx

Memory: 4k page, physical 8301712k(1510608k free), swap 10256528k(10528k free)

vm_info: OpenJDK 64-Bit Server VM (25.152-b01) for windows-amd64 JRE (1.8.0_152-release-915-b01), built by "builder" with MS VC++ 10.0 (VS2010)

time: Mon Jan 08 19:32:39 2018
elapsed time: 6 seconds (0d 0h 0m 6s)

